# JRE version: OpenJDK Runtime Environment GraalVM CE 22.3.0 (17.0.5+8) (build 17.0.5+8-jvmci-22.3-b08)
# Java VM: OpenJDK 64-Bit Server VM GraalVM CE 22.3.0 (17.0.5+8-jvmci-22.3-b08, mixed mode, sharing, tiered, jvmci, jvmci compiler, compressed oops, compressed class ptrs, parallel gc, linux-amd64)
GC Precious Log:
 CPUs: 4 total, 1 available
 Memory: 1024M
 Large Page Support: Disabled
 NUMA Support: Disabled
 Compressed Oops: Enabled (32-bit)
 Alignments: Space 512K, Generation 512K, Heap 2M
 Heap Min Capacity: 100M
 Heap Initial Capacity: 100M
 Heap Max Capacity: 512M
 Pre-touch: Disabled
 Parallel Workers: 1
Heap:
 PSYoungGen      total 29696K, used 22016K [0x00000000f5580000, 0x00000000f7c00000, 0x0000000100000000)
  eden space 22016K, 100% used [0x00000000f5580000,0x00000000f6b00000,0x00000000f6b00000)
  from space 7680K, 0% used [0x00000000f6b00000,0x00000000f6b00000,0x00000000f7280000)
  to   space 7680K, 0% used [0x00000000f7280000,0x00000000f7280000,0x00000000f7a00000)
 ParOldGen       total 349696K, used 349695K [0x00000000e0000000, 0x00000000f5580000, 0x00000000f5580000)
  object space 349696K, 99% used [0x00000000e0000000,0x00000000f557fff8,0x00000000f5580000)
 Metaspace       used 52581K, committed 53312K, reserved 1097728K
  class space    used 5323K, committed 5632K, reserved 1048576K
GC Heap History (20 events):
Event: 799.745 GC heap before
{Heap before GC invocations=852 (full 737):
 PSYoungGen      total 29696K, used 22015K [0x00000000f5580000, 0x00000000f7c00000, 0x0000000100000000)
  eden space 22016K, 99% used [0x00000000f5580000,0x00000000f6afffd8,0x00000000f6b00000)
  from space 7680K, 0% used [0x00000000f6b00000,0x00000000f6b00000,0x00000000f7280000)
  to   space 7680K, 0% used [0x00000000f7280000,0x00000000f7280000,0x00000000f7a00000)
 ParOldGen       total 349696K, used 349695K [0x00000000e0000000, 0x00000000f5580000, 0x00000000f5580000)
  object space 349696K, 99% used [0x00000000e0000000,0x00000000f557fd00,0x00000000f5580000)
 Metaspace       used 52581K, committed 53312K, reserved 1097728K
  class space    used 5323K, committed 5632K, reserved 1048576K
}
Event: 800.749 GC heap after
{Heap after GC invocations=852 (full 737):
 PSYoungGen      total 29696K, used 22015K [0x00000000f5580000, 0x00000000f7c00000, 0x0000000100000000)
  eden space 22016K, 99% used [0x00000000f5580000,0x00000000f6afffd8,0x00000000f6b00000)
  from space 7680K, 0% used [0x00000000f7280000,0x00000000f7280000,0x00000000f7a00000)
  to   space 7680K, 0% used [0x00000000f6b00000,0x00000000f6b00000,0x00000000f7280000)
 ParOldGen       total 349696K, used 349695K [0x00000000e0000000, 0x00000000f5580000, 0x00000000f5580000)
  object space 349696K, 99% used [0x00000000e0000000,0x00000000f557fd00,0x00000000f5580000)
 Metaspace       used 52581K, committed 53312K, reserved 1097728K
  class space    used 5323K, committed 5632K, reserved 1048576K
}
Event: 800.749 GC heap before
{Heap before GC invocations=853 (full 738):
 PSYoungGen      total 29696K, used 22016K [0x00000000f5580000, 0x00000000f7c00000, 0x0000000100000000)
  eden space 22016K, 100% used [0x00000000f5580000,0x00000000f6b00000,0x00000000f6b00000)
  from space 7680K, 0% used [0x00000000f7280000,0x00000000f7280000,0x00000000f7a00000)
  to   space 7680K, 0% used [0x00000000f6b00000,0x00000000f6b00000,0x00000000f7280000)
 ParOldGen       total 349696K, used 349695K [0x00000000e0000000, 0x00000000f5580000, 0x00000000f5580000)
  object space 349696K, 99% used [0x00000000e0000000,0x00000000f557fff8,0x00000000f5580000)
 Metaspace       used 52581K, committed 53312K, reserved 1097728K
  class space    used 5323K, committed 5632K, reserved 1048576K
}
Event: 801.838 GC heap after
{Heap after GC invocations=853 (full 738):
 PSYoungGen      total 29696K, used 22015K [0x00000000f5580000, 0x00000000f7c00000, 0x0000000100000000)
  eden space 22016K, 99% used [0x00000000f5580000,0x00000000f6afffc8,0x00000000f6b00000)
  from space 7680K, 0% used [0x00000000f6b00000,0x00000000f6b00000,0x00000000f7280000)
  to   space 7680K, 0% used [0x00000000f7280000,0x00000000f7280000,0x00000000f7a00000)
 ParOldGen       total 349696K, used 349694K [0x00000000e0000000, 0x00000000f5580000, 0x00000000f5580000)
  object space 349696K, 99% used [0x00000000e0000000,0x00000000f557fb28,0x00000000f5580000)
 Metaspace       used 52581K, committed 53312K, reserved 1097728K
  class space    used 5323K, committed 5632K, reserved 1048576K
}
Event: 801.845 GC heap before
{Heap before GC invocations=854 (full 739):
 PSYoungGen      total 29696K, used 22016K [0x00000000f5580000, 0x00000000f7c00000, 0x0000000100000000)
  eden space 22016K, 100% used [0x00000000f5580000,0x00000000f6b00000,0x00000000f6b00000)
  from space 7680K, 0% used [0x00000000f6b00000,0x00000000f6b00000,0x00000000f7280000)
  to   space 7680K, 0% used [0x00000000f7280000,0x00000000f7280000,0x00000000f7a00000)
 ParOldGen       total 349696K, used 349695K [0x00000000e0000000, 0x00000000f5580000, 0x00000000f5580000)
  object space 349696K, 99% used [0x00000000e0000000,0x00000000f557fd30,0x00000000f5580000)
 Metaspace       used 52581K, committed 53312K, reserved 1097728K
  class space    used 5323K, committed 5632K, reserved 1048576K
}
Event: 802.738 GC heap after
{Heap after GC invocations=854 (full 739):
 PSYoungGen      total 29696K, used 22016K [0x00000000f5580000, 0x00000000f7c00000, 0x0000000100000000)
  eden space 22016K, 100% used [0x00000000f5580000,0x00000000f6b00000,0x00000000f6b00000)
  from space 7680K, 0% used [0x00000000f7280000,0x00000000f7280000,0x00000000f7a00000)
  to   space 7680K, 0% used [0x00000000f6b00000,0x00000000f6b00000,0x00000000f7280000)
 ParOldGen       total 349696K, used 349695K [0x00000000e0000000, 0x00000000f5580000, 0x00000000f5580000)
  object space 349696K, 99% used [0x00000000e0000000,0x00000000f557fc68,0x00000000f5580000)
 Metaspace       used 52581K, committed 53312K, reserved 1097728K
  class space    used 5323K, committed 5632K, reserved 1048576K
}
Event: 802.738 GC heap before
{Heap before GC invocations=855 (full 740):
 PSYoungGen      total 29696K, used 22016K [0x00000000f5580000, 0x00000000f7c00000, 0x0000000100000000)
  eden space 22016K, 100% used [0x00000000f5580000,0x00000000f6b00000,0x00000000f6b00000)
  from space 7680K, 0% used [0x00000000f7280000,0x00000000f7280000,0x00000000f7a00000)
  to   space 7680K, 0% used [0x00000000f6b00000,0x00000000f6b00000,0x00000000f7280000)
 ParOldGen       total 349696K, used 349696K [0x00000000e0000000, 0x00000000f5580000, 0x00000000f5580000)
  object space 349696K, 100% used [0x00000000e0000000,0x00000000f5580000,0x00000000f5580000)
 Metaspace       used 52581K, committed 53312K, reserved 1097728K
  class space    used 5323K, committed 5632K, reserved 1048576K
}
Event: 803.740 GC heap after
{Heap after GC invocations=855 (full 740):
 PSYoungGen      total 29696K, used 22016K [0x00000000f5580000, 0x00000000f7c00000, 0x0000000100000000)
  eden space 22016K, 100% used [0x00000000f5580000,0x00000000f6b00000,0x00000000f6b00000)
  from space 7680K, 0% used [0x00000000f6b00000,0x00000000f6b00000,0x00000000f7280000)
  to   space 7680K, 0% used [0x00000000f7280000,0x00000000f7280000,0x00000000f7a00000)
 ParOldGen       total 349696K, used 349695K [0x00000000e0000000, 0x00000000f5580000, 0x00000000f5580000)
  object space 349696K, 99% used [0x00000000e0000000,0x00000000f557fe20,0x00000000f5580000)
 Metaspace       used 52581K, committed 53312K, reserved 1097728K
  class space    used 5323K, committed 5632K, reserved 1048576K
}
Event: 803.741 GC heap before
{Heap before GC invocations=856 (full 741):
 PSYoungGen      total 29696K, used 22016K [0x00000000f5580000, 0x00000000f7c00000, 0x0000000100000000)
  eden space 22016K, 100% used [0x00000000f5580000,0x00000000f6b00000,0x00000000f6b00000)
  from space 7680K, 0% used [0x00000000f6b00000,0x00000000f6b00000,0x00000000f7280000)
  to   space 7680K, 0% used [0x00000000f7280000,0x00000000f7280000,0x00000000f7a00000)
 ParOldGen       total 349696K, used 349696K [0x00000000e0000000, 0x00000000f5580000, 0x00000000f5580000)
  object space 349696K, 100% used [0x00000000e0000000,0x00000000f5580000,0x00000000f5580000)
 Metaspace       used 52581K, committed 53312K, reserved 1097728K
  class space    used 5323K, committed 5632K, reserved 1048576K
}
Event: 804.573 GC heap after
{Heap after GC invocations=856 (full 741):
 PSYoungGen      total 29696K, used 22016K [0x00000000f5580000, 0x00000000f7c00000, 0x0000000100000000)
  eden space 22016K, 100% used [0x00000000f5580000,0x00000000f6b00000,0x00000000f6b00000)
  from space 7680K, 0% used [0x00000000f7280000,0x00000000f7280000,0x00000000f7a00000)
  to   space 7680K, 0% used [0x00000000f6b00000,0x00000000f6b00000,0x00000000f7280000)
 ParOldGen       total 349696K, used 349695K [0x00000000e0000000, 0x00000000f5580000, 0x00000000f5580000)
  object space 349696K, 99% used [0x00000000e0000000,0x00000000f557fe30,0x00000000f5580000)
 Metaspace       used 52581K, committed 53312K, reserved 1097728K
  class space    used 5323K, committed 5632K, reserved 1048576K
}
Event: 804.573 GC heap before
{Heap before GC invocations=857 (full 742):
 PSYoungGen      total 29696K, used 22016K [0x00000000f5580000, 0x00000000f7c00000, 0x0000000100000000)
  eden space 22016K, 100% used [0x00000000f5580000,0x00000000f6b00000,0x00000000f6b00000)
  from space 7680K, 0% used [0x00000000f7280000,0x00000000f7280000,0x00000000f7a00000)
  to   space 7680K, 0% used [0x00000000f6b00000,0x00000000f6b00000,0x00000000f7280000)
 ParOldGen       total 349696K, used 349695K [0x00000000e0000000, 0x00000000f5580000, 0x00000000f5580000)
  object space 349696K, 99% used [0x00000000e0000000,0x00000000f557fe90,0x00000000f5580000)
 Metaspace       used 52581K, committed 53312K, reserved 1097728K
  class space    used 5323K, committed 5632K, reserved 1048576K
}
Event: 805.461 GC heap after
{Heap after GC invocations=857 (full 742):
 PSYoungGen      total 29696K, used 22016K [0x00000000f5580000, 0x00000000f7c00000, 0x0000000100000000)
  eden space 22016K, 100% used [0x00000000f5580000,0x00000000f6b00000,0x00000000f6b00000)
  from space 7680K, 0% used [0x00000000f6b00000,0x00000000f6b00000,0x00000000f7280000)
  to   space 7680K, 0% used [0x00000000f7280000,0x00000000f7280000,0x00000000f7a00000)
 ParOldGen       total 349696K, used 349695K [0x00000000e0000000, 0x00000000f5580000, 0x00000000f5580000)
  object space 349696K, 99% used [0x00000000e0000000,0x00000000f557fe30,0x00000000f5580000)
 Metaspace       used 52581K, committed 53312K, reserved 1097728K
  class space    used 5323K, committed 5632K, reserved 1048576K
}
Event: 805.464 GC heap before
{Heap before GC invocations=858 (full 743):
 PSYoungGen      total 29696K, used 22016K [0x00000000f5580000, 0x00000000f7c00000, 0x0000000100000000)
  eden space 22016K, 100% used [0x00000000f5580000,0x00000000f6b00000,0x00000000f6b00000)
  from space 7680K, 0% used [0x00000000f6b00000,0x00000000f6b00000,0x00000000f7280000)
  to   space 7680K, 0% used [0x00000000f7280000,0x00000000f7280000,0x00000000f7a00000)
 ParOldGen       total 349696K, used 349695K [0x00000000e0000000, 0x00000000f5580000, 0x00000000f5580000)
  object space 349696K, 99% used [0x00000000e0000000,0x00000000f557fe40,0x00000000f5580000)
 Metaspace       used 52581K, committed 53312K, reserved 1097728K
  class space    used 5323K, committed 5632K, reserved 1048576K
}
Event: 806.541 GC heap after
{Heap after GC invocations=858 (full 743):
 PSYoungGen      total 29696K, used 22016K [0x00000000f5580000, 0x00000000f7c00000, 0x0000000100000000)
  eden space 22016K, 100% used [0x00000000f5580000,0x00000000f6b00000,0x00000000f6b00000)
  from space 7680K, 0% used [0x00000000f7280000,0x00000000f7280000,0x00000000f7a00000)
  to   space 7680K, 0% used [0x00000000f6b00000,0x00000000f6b00000,0x00000000f7280000)
 ParOldGen       total 349696K, used 349695K [0x00000000e0000000, 0x00000000f5580000, 0x00000000f5580000)
  object space 349696K, 99% used [0x00000000e0000000,0x00000000f557fe30,0x00000000f5580000)
 Metaspace       used 52581K, committed 53312K, reserved 1097728K
  class space    used 5323K, committed 5632K, reserved 1048576K
}
Event: 806.541 GC heap before
{Heap before GC invocations=859 (full 744):
 PSYoungGen      total 29696K, used 22016K [0x00000000f5580000, 0x00000000f7c00000, 0x0000000100000000)
  eden space 22016K, 100% used [0x00000000f5580000,0x00000000f6b00000,0x00000000f6b00000)
  from space 7680K, 0% used [0x00000000f7280000,0x00000000f7280000,0x00000000f7a00000)
  to   space 7680K, 0% used [0x00000000f6b00000,0x00000000f6b00000,0x00000000f7280000)
 ParOldGen       total 349696K, used 349695K [0x00000000e0000000, 0x00000000f5580000, 0x00000000f5580000)
  object space 349696K, 99% used [0x00000000e0000000,0x00000000f557fe30,0x00000000f5580000)
 Metaspace       used 52581K, committed 53312K, reserved 1097728K
  class space    used 5323K, committed 5632K, reserved 1048576K
}
Event: 807.536 GC heap after
{Heap after GC invocations=859 (full 744):
 PSYoungGen      total 29696K, used 22016K [0x00000000f5580000, 0x00000000f7c00000, 0x0000000100000000)
  eden space 22016K, 100% used [0x00000000f5580000,0x00000000f6b00000,0x00000000f6b00000)
  from space 7680K, 0% used [0x00000000f6b00000,0x00000000f6b00000,0x00000000f7280000)
  to   space 7680K, 0% used [0x00000000f7280000,0x00000000f7280000,0x00000000f7a00000)
 ParOldGen       total 349696K, used 349695K [0x00000000e0000000, 0x00000000f5580000, 0x00000000f5580000)
  object space 349696K, 99% used [0x00000000e0000000,0x00000000f557fe30,0x00000000f5580000)
 Metaspace       used 52581K, committed 53312K, reserved 1097728K
  class space    used 5323K, committed 5632K, reserved 1048576K
}
Event: 807.536 GC heap before
{Heap before GC invocations=860 (full 745):
 PSYoungGen      total 29696K, used 22016K [0x00000000f5580000, 0x00000000f7c00000, 0x0000000100000000)
  eden space 22016K, 100% used [0x00000000f5580000,0x00000000f6b00000,0x00000000f6b00000)
  from space 7680K, 0% used [0x00000000f6b00000,0x00000000f6b00000,0x00000000f7280000)
  to   space 7680K, 0% used [0x00000000f7280000,0x00000000f7280000,0x00000000f7a00000)
 ParOldGen       total 349696K, used 349695K [0x00000000e0000000, 0x00000000f5580000, 0x00000000f5580000)
  object space 349696K, 99% used [0x00000000e0000000,0x00000000f557fe30,0x00000000f5580000)
 Metaspace       used 52581K, committed 53312K, reserved 1097728K
  class space    used 5323K, committed 5632K, reserved 1048576K
}
Event: 808.537 GC heap after
{Heap after GC invocations=860 (full 745):
 PSYoungGen      total 29696K, used 22016K [0x00000000f5580000, 0x00000000f7c00000, 0x0000000100000000)
  eden space 22016K, 100% used [0x00000000f5580000,0x00000000f6b00000,0x00000000f6b00000)
  from space 7680K, 0% used [0x00000000f7280000,0x00000000f7280000,0x00000000f7a00000)
  to   space 7680K, 0% used [0x00000000f6b00000,0x00000000f6b00000,0x00000000f7280000)
 ParOldGen       total 349696K, used 349695K [0x00000000e0000000, 0x00000000f5580000, 0x00000000f5580000)
  object space 349696K, 99% used [0x00000000e0000000,0x00000000f557fe30,0x00000000f5580000)
 Metaspace       used 52581K, committed 53312K, reserved 1097728K
  class space    used 5323K, committed 5632K, reserved 1048576K
}
Event: 808.537 GC heap before
{Heap before GC invocations=861 (full 746):
 PSYoungGen      total 29696K, used 22016K [0x00000000f5580000, 0x00000000f7c00000, 0x0000000100000000)
  eden space 22016K, 100% used [0x00000000f5580000,0x00000000f6b00000,0x00000000f6b00000)
  from space 7680K, 0% used [0x00000000f7280000,0x00000000f7280000,0x00000000f7a00000)
  to   space 7680K, 0% used [0x00000000f6b00000,0x00000000f6b00000,0x00000000f7280000)
 ParOldGen       total 349696K, used 349695K [0x00000000e0000000, 0x00000000f5580000, 0x00000000f5580000)
  object space 349696K, 99% used [0x00000000e0000000,0x00000000f557fe30,0x00000000f5580000)
 Metaspace       used 52581K, committed 53312K, reserved 1097728K
  class space    used 5323K, committed 5632K, reserved 1048576K
}
Event: 809.547 GC heap after
{Heap after GC invocations=861 (full 746):
 PSYoungGen      total 29696K, used 22016K [0x00000000f5580000, 0x00000000f7c00000, 0x0000000100000000)
  eden space 22016K, 100% used [0x00000000f5580000,0x00000000f6b00000,0x00000000f6b00000)
  from space 7680K, 0% used [0x00000000f6b00000,0x00000000f6b00000,0x00000000f7280000)
  to   space 7680K, 0% used [0x00000000f7280000,0x00000000f7280000,0x00000000f7a00000)
 ParOldGen       total 349696K, used 349695K [0x00000000e0000000, 0x00000000f5580000, 0x00000000f5580000)
  object space 349696K, 99% used [0x00000000e0000000,0x00000000f557fe30,0x00000000f5580000)
 Metaspace       used 52581K, committed 53312K, reserved 1097728K
  class space    used 5323K, committed 5632K, reserved 1048576K
}

